This is pdfTeX, Version 3.14159265-2.6-1.40.20 (TeX Live 2019) (preloaded format=pdflatex 2019.8.22)  19 JAN 2021 09:41
entering extended mode
 restricted \write18 enabled.
 %&-line parsing enabled.
**CaseStudy_static.tex
(./CaseStudy_static.tex
LaTeX2e <2018-12-01>
(/usr/local/texlive/2019/texmf-dist/tex/latex/base/article.cls
Document Class: article 2018/09/03 v1.4i Standard LaTeX document class
(/usr/local/texlive/2019/texmf-dist/tex/latex/base/size11.clo
File: size11.clo 2018/09/03 v1.4i Standard LaTeX file (size option)
)
\c@part=\count80
\c@section=\count81
\c@subsection=\count82
\c@subsubsection=\count83
\c@paragraph=\count84
\c@subparagraph=\count85
\c@figure=\count86
\c@table=\count87
\abovecaptionskip=\skip41
\belowcaptionskip=\skip42
\bibindent=\dimen102
)
(/usr/local/texlive/2019/texmf-dist/tex/latex/graphics/graphicx.sty
Package: graphicx 2017/06/01 v1.1a Enhanced LaTeX Graphics (DPC,SPQR)

(/usr/local/texlive/2019/texmf-dist/tex/latex/graphics/keyval.sty
Package: keyval 2014/10/28 v1.15 key=value parser (DPC)
\KV@toks@=\toks14
)
(/usr/local/texlive/2019/texmf-dist/tex/latex/graphics/graphics.sty
Package: graphics 2017/06/25 v1.2c Standard LaTeX Graphics (DPC,SPQR)

(/usr/local/texlive/2019/texmf-dist/tex/latex/graphics/trig.sty
Package: trig 2016/01/03 v1.10 sin cos tan (DPC)
)
(/usr/local/texlive/2019/texmf-dist/tex/latex/graphics-cfg/graphics.cfg
File: graphics.cfg 2016/06/04 v1.11 sample graphics configuration
)
Package graphics Info: Driver file: pdftex.def on input line 99.

(/usr/local/texlive/2019/texmf-dist/tex/latex/graphics-def/pdftex.def
File: pdftex.def 2018/01/08 v1.0l Graphics/color driver for pdftex
))
\Gin@req@height=\dimen103
\Gin@req@width=\dimen104
)
(/usr/local/texlive/2019/texmf-dist/tex/latex/graphics/color.sty
Package: color 2016/07/10 v1.1e Standard LaTeX Color (DPC)

(/usr/local/texlive/2019/texmf-dist/tex/latex/graphics-cfg/color.cfg
File: color.cfg 2016/01/02 v1.6 sample color configuration
)
Package color Info: Driver file: pdftex.def on input line 147.
)
(/usr/local/texlive/2019/texmf-dist/tex/latex/framed/framed.sty
Package: framed 2011/10/22 v 0.96: framed or shaded text with page breaks
\OuterFrameSep=\skip43
\fb@frw=\dimen105
\fb@frh=\dimen106
\FrameRule=\dimen107
\FrameSep=\dimen108
)
(/usr/local/texlive/2019/texmf-dist/tex/latex/base/alltt.sty
Package: alltt 1997/06/16 v2.0g defines alltt environment
)
(/usr/local/texlive/2019/texmf-dist/tex/latex/base/inputenc.sty
Package: inputenc 2018/08/11 v1.3c Input encoding file
\inpenc@prehook=\toks15
\inpenc@posthook=\toks16
)
(/usr/local/texlive/2019/texmf-dist/tex/latex/amsmath/amsmath.sty
Package: amsmath 2018/12/01 v2.17b AMS math features
\@mathmargin=\skip44

For additional information on amsmath, use the `?' option.
(/usr/local/texlive/2019/texmf-dist/tex/latex/amsmath/amstext.sty
Package: amstext 2000/06/29 v2.01 AMS text

(/usr/local/texlive/2019/texmf-dist/tex/latex/amsmath/amsgen.sty
File: amsgen.sty 1999/11/30 v2.0 generic functions
\@emptytoks=\toks17
\ex@=\dimen109
))
(/usr/local/texlive/2019/texmf-dist/tex/latex/amsmath/amsbsy.sty
Package: amsbsy 1999/11/29 v1.2d Bold Symbols
\pmbraise@=\dimen110
)
(/usr/local/texlive/2019/texmf-dist/tex/latex/amsmath/amsopn.sty
Package: amsopn 2016/03/08 v2.02 operator names
)
\inf@bad=\count88
LaTeX Info: Redefining \frac on input line 223.
\uproot@=\count89
\leftroot@=\count90
LaTeX Info: Redefining \overline on input line 385.
\classnum@=\count91
\DOTSCASE@=\count92
LaTeX Info: Redefining \ldots on input line 482.
LaTeX Info: Redefining \dots on input line 485.
LaTeX Info: Redefining \cdots on input line 606.
\Mathstrutbox@=\box27
\strutbox@=\box28
\big@size=\dimen111
LaTeX Font Info:    Redeclaring font encoding OML on input line 729.
LaTeX Font Info:    Redeclaring font encoding OMS on input line 730.
\macc@depth=\count93
\c@MaxMatrixCols=\count94
\dotsspace@=\muskip10
\c@parentequation=\count95
\dspbrk@lvl=\count96
\tag@help=\toks18
\row@=\count97
\column@=\count98
\maxfields@=\count99
\andhelp@=\toks19
\eqnshift@=\dimen112
\alignsep@=\dimen113
\tagshift@=\dimen114
\tagwidth@=\dimen115
\totwidth@=\dimen116
\lineht@=\dimen117
\@envbody=\toks20
\multlinegap=\skip45
\multlinetaggap=\skip46
\mathdisplay@stack=\toks21
LaTeX Info: Redefining \[ on input line 2844.
LaTeX Info: Redefining \] on input line 2845.
)
(/usr/local/texlive/2019/texmf-dist/tex/latex/base/fontenc.sty
Package: fontenc 2018/08/11 v2.0j Standard LaTeX package

(/usr/local/texlive/2019/texmf-dist/tex/latex/base/t1enc.def
File: t1enc.def 2018/08/11 v2.0j Standard LaTeX file
LaTeX Font Info:    Redeclaring font encoding T1 on input line 48.
))
(/usr/local/texlive/2019/texmf-dist/tex/latex/geometry/geometry.sty
Package: geometry 2018/04/16 v5.8 Page Geometry

(/usr/local/texlive/2019/texmf-dist/tex/generic/oberdiek/ifpdf.sty
Package: ifpdf 2018/09/07 v3.3 Provides the ifpdf switch
)
(/usr/local/texlive/2019/texmf-dist/tex/generic/oberdiek/ifvtex.sty
Package: ifvtex 2016/05/16 v1.6 Detect VTeX and its facilities (HO)
Package ifvtex Info: VTeX not detected.
)
(/usr/local/texlive/2019/texmf-dist/tex/generic/ifxetex/ifxetex.sty
Package: ifxetex 2010/09/12 v0.6 Provides ifxetex conditional
)
\Gm@cnth=\count100
\Gm@cntv=\count101
\c@Gm@tempcnt=\count102
\Gm@bindingoffset=\dimen118
\Gm@wd@mp=\dimen119
\Gm@odd@mp=\dimen120
\Gm@even@mp=\dimen121
\Gm@layoutwidth=\dimen122
\Gm@layoutheight=\dimen123
\Gm@layouthoffset=\dimen124
\Gm@layoutvoffset=\dimen125
\Gm@dimlist=\toks22
)
(/usr/local/texlive/2019/texmf-dist/tex/latex/libertine/libertine.sty
Package: libertine 2019/02/27 (Bob Tennent) Supports Libertine and Biolinum fon
ts for all LaTeX engines.

(/usr/local/texlive/2019/texmf-dist/tex/generic/oberdiek/ifluatex.sty
Package: ifluatex 2016/05/16 v1.4 Provides the ifluatex switch (HO)
Package ifluatex Info: LuaTeX not detected.
)
(/usr/local/texlive/2019/texmf-dist/tex/latex/xkeyval/xkeyval.sty
Package: xkeyval 2014/12/03 v2.7a package option processing (HA)

(/usr/local/texlive/2019/texmf-dist/tex/generic/xkeyval/xkeyval.tex
(/usr/local/texlive/2019/texmf-dist/tex/generic/xkeyval/xkvutils.tex
\XKV@toks=\toks23
\XKV@tempa@toks=\toks24
)
\XKV@depth=\count103
File: xkeyval.tex 2014/12/03 v2.7a key=value parser (HA)
))
(/usr/local/texlive/2019/texmf-dist/tex/latex/base/textcomp.sty
Package: textcomp 2018/08/11 v2.0j Standard LaTeX package
Package textcomp Info: Sub-encoding information:
(textcomp)               5 = only ISO-Adobe without \textcurrency
(textcomp)               4 = 5 + \texteuro
(textcomp)               3 = 4 + \textohm
(textcomp)               2 = 3 + \textestimated + \textcurrency
(textcomp)               1 = TS1 - \textcircled - \t
(textcomp)               0 = TS1 (full)
(textcomp)             Font families with sub-encoding setting implement
(textcomp)             only a restricted character set as indicated.
(textcomp)             Family '?' is the default used for unknown fonts.
(textcomp)             See the documentation for details.
Package textcomp Info: Setting ? sub-encoding to TS1/1 on input line 79.

(/usr/local/texlive/2019/texmf-dist/tex/latex/base/ts1enc.def
File: ts1enc.def 2001/06/05 v3.0e (jk/car/fm) Standard LaTeX file
Now handling font encoding TS1 ...
... processing UTF-8 mapping file for font encoding TS1

(/usr/local/texlive/2019/texmf-dist/tex/latex/base/ts1enc.dfu
File: ts1enc.dfu 2018/10/05 v1.2f UTF-8 support for inputenc
   defining Unicode char U+00A2 (decimal 162)
   defining Unicode char U+00A3 (decimal 163)
   defining Unicode char U+00A4 (decimal 164)
   defining Unicode char U+00A5 (decimal 165)
   defining Unicode char U+00A6 (decimal 166)
   defining Unicode char U+00A7 (decimal 167)
   defining Unicode char U+00A8 (decimal 168)
   defining Unicode char U+00A9 (decimal 169)
   defining Unicode char U+00AA (decimal 170)
   defining Unicode char U+00AC (decimal 172)
   defining Unicode char U+00AE (decimal 174)
   defining Unicode char U+00AF (decimal 175)
   defining Unicode char U+00B0 (decimal 176)
   defining Unicode char U+00B1 (decimal 177)
   defining Unicode char U+00B2 (decimal 178)
   defining Unicode char U+00B3 (decimal 179)
   defining Unicode char U+00B4 (decimal 180)
   defining Unicode char U+00B5 (decimal 181)
   defining Unicode char U+00B6 (decimal 182)
   defining Unicode char U+00B7 (decimal 183)
   defining Unicode char U+00B9 (decimal 185)
   defining Unicode char U+00BA (decimal 186)
   defining Unicode char U+00BC (decimal 188)
   defining Unicode char U+00BD (decimal 189)
   defining Unicode char U+00BE (decimal 190)
   defining Unicode char U+00D7 (decimal 215)
   defining Unicode char U+00F7 (decimal 247)
   defining Unicode char U+0192 (decimal 402)
   defining Unicode char U+02C7 (decimal 711)
   defining Unicode char U+02D8 (decimal 728)
   defining Unicode char U+02DD (decimal 733)
   defining Unicode char U+0E3F (decimal 3647)
   defining Unicode char U+2016 (decimal 8214)
   defining Unicode char U+2020 (decimal 8224)
   defining Unicode char U+2021 (decimal 8225)
   defining Unicode char U+2022 (decimal 8226)
   defining Unicode char U+2030 (decimal 8240)
   defining Unicode char U+2031 (decimal 8241)
   defining Unicode char U+203B (decimal 8251)
   defining Unicode char U+203D (decimal 8253)
   defining Unicode char U+2044 (decimal 8260)
   defining Unicode char U+204E (decimal 8270)
   defining Unicode char U+2052 (decimal 8274)
   defining Unicode char U+20A1 (decimal 8353)
   defining Unicode char U+20A4 (decimal 8356)
   defining Unicode char U+20A6 (decimal 8358)
   defining Unicode char U+20A9 (decimal 8361)
   defining Unicode char U+20AB (decimal 8363)
   defining Unicode char U+20AC (decimal 8364)
   defining Unicode char U+20B1 (decimal 8369)
   defining Unicode char U+2103 (decimal 8451)
   defining Unicode char U+2116 (decimal 8470)
   defining Unicode char U+2117 (decimal 8471)
   defining Unicode char U+211E (decimal 8478)
   defining Unicode char U+2120 (decimal 8480)
   defining Unicode char U+2122 (decimal 8482)
   defining Unicode char U+2126 (decimal 8486)
   defining Unicode char U+2127 (decimal 8487)
   defining Unicode char U+212E (decimal 8494)
   defining Unicode char U+2190 (decimal 8592)
   defining Unicode char U+2191 (decimal 8593)
   defining Unicode char U+2192 (decimal 8594)
   defining Unicode char U+2193 (decimal 8595)
   defining Unicode char U+2329 (decimal 9001)
   defining Unicode char U+232A (decimal 9002)
   defining Unicode char U+2422 (decimal 9250)
   defining Unicode char U+25E6 (decimal 9702)
   defining Unicode char U+25EF (decimal 9711)
   defining Unicode char U+266A (decimal 9834)
   defining Unicode char U+FEFF (decimal 65279)
))
LaTeX Info: Redefining \oldstylenums on input line 334.
Package textcomp Info: Setting cmr sub-encoding to TS1/0 on input line 349.
Package textcomp Info: Setting cmss sub-encoding to TS1/0 on input line 350.
Package textcomp Info: Setting cmtt sub-encoding to TS1/0 on input line 351.
Package textcomp Info: Setting cmvtt sub-encoding to TS1/0 on input line 352.
Package textcomp Info: Setting cmbr sub-encoding to TS1/0 on input line 353.
Package textcomp Info: Setting cmtl sub-encoding to TS1/0 on input line 354.
Package textcomp Info: Setting ccr sub-encoding to TS1/0 on input line 355.
Package textcomp Info: Setting ptm sub-encoding to TS1/4 on input line 356.
Package textcomp Info: Setting pcr sub-encoding to TS1/4 on input line 357.
Package textcomp Info: Setting phv sub-encoding to TS1/4 on input line 358.
Package textcomp Info: Setting ppl sub-encoding to TS1/3 on input line 359.
Package textcomp Info: Setting pag sub-encoding to TS1/4 on input line 360.
Package textcomp Info: Setting pbk sub-encoding to TS1/4 on input line 361.
Package textcomp Info: Setting pnc sub-encoding to TS1/4 on input line 362.
Package textcomp Info: Setting pzc sub-encoding to TS1/4 on input line 363.
Package textcomp Info: Setting bch sub-encoding to TS1/4 on input line 364.
Package textcomp Info: Setting put sub-encoding to TS1/5 on input line 365.
Package textcomp Info: Setting uag sub-encoding to TS1/5 on input line 366.
Package textcomp Info: Setting ugq sub-encoding to TS1/5 on input line 367.
Package textcomp Info: Setting ul8 sub-encoding to TS1/4 on input line 368.
Package textcomp Info: Setting ul9 sub-encoding to TS1/4 on input line 369.
Package textcomp Info: Setting augie sub-encoding to TS1/5 on input line 370.
Package textcomp Info: Setting dayrom sub-encoding to TS1/3 on input line 371.
Package textcomp Info: Setting dayroms sub-encoding to TS1/3 on input line 372.

Package textcomp Info: Setting pxr sub-encoding to TS1/0 on input line 373.
Package textcomp Info: Setting pxss sub-encoding to TS1/0 on input line 374.
Package textcomp Info: Setting pxtt sub-encoding to TS1/0 on input line 375.
Package textcomp Info: Setting txr sub-encoding to TS1/0 on input line 376.
Package textcomp Info: Setting txss sub-encoding to TS1/0 on input line 377.
Package textcomp Info: Setting txtt sub-encoding to TS1/0 on input line 378.
Package textcomp Info: Setting lmr sub-encoding to TS1/0 on input line 379.
Package textcomp Info: Setting lmdh sub-encoding to TS1/0 on input line 380.
Package textcomp Info: Setting lmss sub-encoding to TS1/0 on input line 381.
Package textcomp Info: Setting lmssq sub-encoding to TS1/0 on input line 382.
Package textcomp Info: Setting lmvtt sub-encoding to TS1/0 on input line 383.
Package textcomp Info: Setting lmtt sub-encoding to TS1/0 on input line 384.
Package textcomp Info: Setting qhv sub-encoding to TS1/0 on input line 385.
Package textcomp Info: Setting qag sub-encoding to TS1/0 on input line 386.
Package textcomp Info: Setting qbk sub-encoding to TS1/0 on input line 387.
Package textcomp Info: Setting qcr sub-encoding to TS1/0 on input line 388.
Package textcomp Info: Setting qcs sub-encoding to TS1/0 on input line 389.
Package textcomp Info: Setting qpl sub-encoding to TS1/0 on input line 390.
Package textcomp Info: Setting qtm sub-encoding to TS1/0 on input line 391.
Package textcomp Info: Setting qzc sub-encoding to TS1/0 on input line 392.
Package textcomp Info: Setting qhvc sub-encoding to TS1/0 on input line 393.
Package textcomp Info: Setting futs sub-encoding to TS1/4 on input line 394.
Package textcomp Info: Setting futx sub-encoding to TS1/4 on input line 395.
Package textcomp Info: Setting futj sub-encoding to TS1/4 on input line 396.
Package textcomp Info: Setting hlh sub-encoding to TS1/3 on input line 397.
Package textcomp Info: Setting hls sub-encoding to TS1/3 on input line 398.
Package textcomp Info: Setting hlst sub-encoding to TS1/3 on input line 399.
Package textcomp Info: Setting hlct sub-encoding to TS1/5 on input line 400.
Package textcomp Info: Setting hlx sub-encoding to TS1/5 on input line 401.
Package textcomp Info: Setting hlce sub-encoding to TS1/5 on input line 402.
Package textcomp Info: Setting hlcn sub-encoding to TS1/5 on input line 403.
Package textcomp Info: Setting hlcw sub-encoding to TS1/5 on input line 404.
Package textcomp Info: Setting hlcf sub-encoding to TS1/5 on input line 405.
Package textcomp Info: Setting pplx sub-encoding to TS1/3 on input line 406.
Package textcomp Info: Setting pplj sub-encoding to TS1/3 on input line 407.
Package textcomp Info: Setting ptmx sub-encoding to TS1/4 on input line 408.
Package textcomp Info: Setting ptmj sub-encoding to TS1/4 on input line 409.
)
(/usr/local/texlive/2019/texmf-dist/tex/latex/mweights/mweights.sty
Package: mweights 2017/03/30 (Bob Tennent) Support package for multiple-weight 
font packages. 
LaTeX Info: Redefining \bfseries on input line 22.
LaTeX Info: Redefining \mdseries on input line 30.
LaTeX Info: Redefining \rmfamily on input line 38.
LaTeX Info: Redefining \sffamily on input line 66.
LaTeX Info: Redefining \ttfamily on input line 94.
)
(/usr/local/texlive/2019/texmf-dist/tex/latex/base/fontenc.sty
Package: fontenc 2018/08/11 v2.0j Standard LaTeX package
)
(/usr/local/texlive/2019/texmf-dist/tex/latex/fontaxes/fontaxes.sty
Package: fontaxes 2014/03/23 v1.0d Font selection axes
LaTeX Info: Redefining \upshape on input line 29.
LaTeX Info: Redefining \itshape on input line 31.
LaTeX Info: Redefining \slshape on input line 33.
LaTeX Info: Redefining \scshape on input line 37.
)
LaTeX Info: Redefining \oldstylenums on input line 490.

(/usr/local/texlive/2019/texmf-dist/tex/latex/libertine/LinLibertine_I.tex))
(/usr/local/texlive/2019/texmf-dist/tex/latex/base/makeidx.sty
Package: makeidx 2014/09/29 v1.0m Standard LaTeX package
)
\@indexfile=\write3
\openout3 = `CaseStudy_static.idx'.


Writing index file CaseStudy_static.idx
(/usr/local/texlive/2019/texmf-dist/tex/latex/natbib/natbib.sty
Package: natbib 2010/09/13 8.31b (PWD, AO)
\bibhang=\skip47
\bibsep=\skip48
LaTeX Info: Redefining \cite on input line 694.
\c@NAT@ctr=\count104
)
(/usr/local/texlive/2019/texmf-dist/tex/latex/url/url.sty
\Urlmuskip=\muskip11
Package: url 2013/09/16  ver 3.4  Verb mode for urls, etc.
)
(/usr/local/texlive/2019/texmf-dist/tex/latex/hyperref/hyperref.sty
Package: hyperref 2019/06/12 v6.88h Hypertext links for LaTeX

(/usr/local/texlive/2019/texmf-dist/tex/generic/oberdiek/hobsub-hyperref.sty
Package: hobsub-hyperref 2016/05/16 v1.14 Bundle oberdiek, subset hyperref (HO)


(/usr/local/texlive/2019/texmf-dist/tex/generic/oberdiek/hobsub-generic.sty
Package: hobsub-generic 2016/05/16 v1.14 Bundle oberdiek, subset generic (HO)
Package: hobsub 2016/05/16 v1.14 Construct package bundles (HO)
Package: infwarerr 2016/05/16 v1.4 Providing info/warning/error messages (HO)
Package: ltxcmds 2016/05/16 v1.23 LaTeX kernel commands for general use (HO)
Package hobsub Info: Skipping package `ifluatex' (already loaded).
Package hobsub Info: Skipping package `ifvtex' (already loaded).
Package: intcalc 2016/05/16 v1.2 Expandable calculations with integers (HO)
Package hobsub Info: Skipping package `ifpdf' (already loaded).
Package: etexcmds 2016/05/16 v1.6 Avoid name clashes with e-TeX commands (HO)
Package: kvsetkeys 2016/05/16 v1.17 Key value parser (HO)
Package: kvdefinekeys 2016/05/16 v1.4 Define keys (HO)
Package: pdftexcmds 2019/07/25 v0.30 Utility functions of pdfTeX for LuaTeX (HO
)
Package pdftexcmds Info: LuaTeX not detected.
Package pdftexcmds Info: \pdf@primitive is available.
Package pdftexcmds Info: \pdf@ifprimitive is available.
Package pdftexcmds Info: \pdfdraftmode found.
Package: pdfescape 2016/05/16 v1.14 Implements pdfTeX's escape features (HO)
Package: bigintcalc 2016/05/16 v1.4 Expandable calculations on big integers (HO
)
Package: bitset 2016/05/16 v1.2 Handle bit-vector datatype (HO)
Package: uniquecounter 2016/05/16 v1.3 Provide unlimited unique counter (HO)
)
Package hobsub Info: Skipping package `hobsub' (already loaded).
Package: letltxmacro 2016/05/16 v1.5 Let assignment for LaTeX macros (HO)
Package: hopatch 2016/05/16 v1.3 Wrapper for package hooks (HO)
Package: xcolor-patch 2016/05/16 xcolor patch
Package: atveryend 2016/05/16 v1.9 Hooks at the very end of document (HO)
Package atveryend Info: \enddocument detected (standard20110627).
Package: atbegshi 2016/06/09 v1.18 At begin shipout hook (HO)
Package: refcount 2016/05/16 v3.5 Data extraction from label references (HO)
Package: hycolor 2016/05/16 v1.8 Color options for hyperref/bookmark (HO)
)
(/usr/local/texlive/2019/texmf-dist/tex/latex/oberdiek/auxhook.sty
Package: auxhook 2016/05/16 v1.4 Hooks for auxiliary files (HO)
)
(/usr/local/texlive/2019/texmf-dist/tex/latex/oberdiek/kvoptions.sty
Package: kvoptions 2016/05/16 v3.12 Key value format for package options (HO)
)
\@linkdim=\dimen126
\Hy@linkcounter=\count105
\Hy@pagecounter=\count106

(/usr/local/texlive/2019/texmf-dist/tex/latex/hyperref/pd1enc.def
File: pd1enc.def 2019/06/12 v6.88h Hyperref: PDFDocEncoding definition (HO)
Now handling font encoding PD1 ...
... no UTF-8 mapping file for font encoding PD1
)
\Hy@SavedSpaceFactor=\count107

(/usr/local/texlive/2019/texmf-dist/tex/latex/latexconfig/hyperref.cfg
File: hyperref.cfg 2002/06/06 v1.2 hyperref configuration of TeXLive
)
Package hyperref Info: Option `unicode' set `true' on input line 4424.

(/usr/local/texlive/2019/texmf-dist/tex/latex/hyperref/puenc.def
File: puenc.def 2019/06/12 v6.88h Hyperref: PDF Unicode definition (HO)
Now handling font encoding PU ...
... no UTF-8 mapping file for font encoding PU
)
Package hyperref Info: Option `pdfusetitle' set `true' on input line 4424.
Package hyperref Info: Option `bookmarks' set `true' on input line 4424.
Package hyperref Info: Option `bookmarksnumbered' set `true' on input line 4424
.
Package hyperref Info: Option `bookmarksopen' set `true' on input line 4424.
Package hyperref Info: Option `breaklinks' set `true' on input line 4424.
Package hyperref Info: Option `colorlinks' set `false' on input line 4424.
Package hyperref Info: Hyper figures OFF on input line 4550.
Package hyperref Info: Link nesting OFF on input line 4555.
Package hyperref Info: Hyper index ON on input line 4558.
Package hyperref Info: Plain pages OFF on input line 4565.
Package hyperref Info: Backreferencing ON on input line 4568.
Package hyperref Info: Implicit mode ON; LaTeX internals redefined.
Package hyperref Info: Bookmarks ON on input line 4803.

(/usr/local/texlive/2019/texmf-dist/tex/latex/hyperref/backref.sty
Package: backref 2016/05/21 v1.39 Bibliographical back referencing

(/usr/local/texlive/2019/texmf-dist/tex/latex/oberdiek/rerunfilecheck.sty
Package: rerunfilecheck 2016/05/16 v1.8 Rerun checks for auxiliary files (HO)
Package uniquecounter Info: New unique counter `rerunfilecheck' on input line 2
82.
))
\c@Hy@tempcnt=\count108
LaTeX Info: Redefining \url on input line 5156.
\XeTeXLinkMargin=\dimen127
\Fld@menulength=\count109
\Field@Width=\dimen128
\Fld@charsize=\dimen129
Package hyperref Info: Hyper figures OFF on input line 6411.
Package hyperref Info: Link nesting OFF on input line 6416.
Package hyperref Info: Hyper index ON on input line 6419.
Package hyperref Info: backreferencing ON on input line 6424.
Package hyperref Info: Link coloring OFF on input line 6431.
Package hyperref Info: Link coloring with OCG OFF on input line 6436.
Package hyperref Info: PDF/A mode OFF on input line 6441.
LaTeX Info: Redefining \ref on input line 6481.
LaTeX Info: Redefining \pageref on input line 6485.
\Hy@abspage=\count110
\c@Item=\count111
\c@Hfootnote=\count112
)
Package hyperref Info: Driver (autodetected): hpdftex.

(/usr/local/texlive/2019/texmf-dist/tex/latex/hyperref/hpdftex.def
File: hpdftex.def 2019/06/12 v6.88h Hyperref driver for pdfTeX
\Fld@listcount=\count113
\c@bookmark@seq@number=\count114
\Hy@SectionHShift=\skip49
)
(/usr/local/texlive/2019/texmf-dist/tex/latex/breakurl/breakurl.sty
Package: breakurl 2013/04/10 v1.40 Breakable hyperref URLs


Package breakurl Warning: You are using breakurl while processing via pdflatex.

(breakurl)                \burl will be just a synonym of \url.
(breakurl)                 on input line 48.

) (/usr/local/texlive/2019/texmf-dist/tex/latex/titlesec/titlesec.sty
Package: titlesec 2019/07/16 v2.11 Sectioning titles
\ttl@box=\box29
\beforetitleunit=\skip50
\aftertitleunit=\skip51
\ttl@plus=\dimen130
\ttl@minus=\dimen131
\ttl@toksa=\toks25
\titlewidth=\dimen132
\titlewidthlast=\dimen133
\titlewidthfirst=\dimen134
)
(/usr/local/texlive/2019/texmf-dist/tex/latex/tocbibind/tocbibind.sty
Package: tocbibind 2010/10/13 v1.5k extra ToC listings
Package tocbibind Info: The document has section divisions on input line 50.


Package tocbibind Note: Using section or other style headings.

) (/usr/local/texlive/2019/texmf-dist/tex/latex/wrapfig/wrapfig.sty
\wrapoverhang=\dimen135
\WF@size=\dimen136
\c@WF@wrappedlines=\count115
\WF@box=\box30
\WF@everypar=\toks26
Package: wrapfig 2003/01/31  v 3.6
)
(/usr/local/texlive/2019/texmf-dist/tex/latex/xcolor/xcolor.sty
Package: xcolor 2016/05/11 v2.12 LaTeX color extensions (UK)

(/usr/local/texlive/2019/texmf-dist/tex/latex/graphics-cfg/color.cfg
File: color.cfg 2016/01/02 v1.6 sample color configuration
)
Package xcolor Info: Driver file: pdftex.def on input line 225.
LaTeX Info: Redefining \color on input line 709.
Package xcolor Info: Model `cmy' substituted by `cmy0' on input line 1348.
Package xcolor Info: Model `hsb' substituted by `rgb' on input line 1352.
Package xcolor Info: Model `RGB' extended on input line 1364.
Package xcolor Info: Model `HTML' substituted by `rgb' on input line 1366.
Package xcolor Info: Model `Hsb' substituted by `hsb' on input line 1367.
Package xcolor Info: Model `tHsb' substituted by `hsb' on input line 1368.
Package xcolor Info: Model `HSB' substituted by `hsb' on input line 1369.
Package xcolor Info: Model `Gray' substituted by `gray' on input line 1370.
Package xcolor Info: Model `wave' substituted by `hsb' on input line 1371.

(/usr/local/texlive/2019/texmf-dist/tex/latex/graphics/dvipsnam.def
File: dvipsnam.def 2016/06/17 v3.0m Driver-dependent file (DPC,SPQR)
))
\mylensection=\skip52
\mylensubsection=\skip53
\mylensubsubsection=\skip54

(/usr/local/texlive/2019/texmf-dist/tex/latex/upquote/upquote.sty
Package: upquote 2012/04/19 v1.3 upright-quote and grave-accent glyphs in verba
tim
)
(./CaseStudy_static.aux)
\openout1 = `CaseStudy_static.aux'.

LaTeX Font Info:    Checking defaults for OML/cmm/m/it on input line 114.
LaTeX Font Info:    ... okay on input line 114.
LaTeX Font Info:    Checking defaults for T1/cmr/m/n on input line 114.
LaTeX Font Info:    ... okay on input line 114.
LaTeX Font Info:    Checking defaults for OT1/cmr/m/n on input line 114.
LaTeX Font Info:    ... okay on input line 114.
LaTeX Font Info:    Checking defaults for OMS/cmsy/m/n on input line 114.
LaTeX Font Info:    ... okay on input line 114.
LaTeX Font Info:    Checking defaults for OMX/cmex/m/n on input line 114.
LaTeX Font Info:    ... okay on input line 114.
LaTeX Font Info:    Checking defaults for U/cmr/m/n on input line 114.
LaTeX Font Info:    ... okay on input line 114.
LaTeX Font Info:    Checking defaults for TS1/cmr/m/n on input line 114.
LaTeX Font Info:    Try loading font information for TS1+cmr on input line 114.


(/usr/local/texlive/2019/texmf-dist/tex/latex/base/ts1cmr.fd
File: ts1cmr.fd 2014/09/29 v2.5h Standard LaTeX font definitions
)
LaTeX Font Info:    ... okay on input line 114.
LaTeX Font Info:    Checking defaults for PD1/pdf/m/n on input line 114.
LaTeX Font Info:    ... okay on input line 114.
LaTeX Font Info:    Checking defaults for PU/pdf/m/n on input line 114.
LaTeX Font Info:    ... okay on input line 114.
LaTeX Font Info:    Try loading font information for T1+LinuxLibertineT-TLF on 
input line 114.

(/usr/local/texlive/2019/texmf-dist/tex/latex/libertine/T1LinuxLibertineT-TLF.f
d
File: T1LinuxLibertineT-TLF.fd 2017/03/20 (autoinst) Font definitions for T1/Li
nuxLibertineT-TLF.
)
LaTeX Font Info:    Font shape `T1/LinuxLibertineT-TLF/m/n' will be
(Font)              scaled to size 10.95pt on input line 114.
 (/usr/local/texlive/2019/texmf-dist/tex/context/base/mkii/supp-pdf.mkii
[Loading MPS to PDF converter (version 2006.09.02).]
\scratchcounter=\count116
\scratchdimen=\dimen137
\scratchbox=\box31
\nofMPsegments=\count117
\nofMParguments=\count118
\everyMPshowfont=\toks27
\MPscratchCnt=\count119
\MPscratchDim=\dimen138
\MPnumerator=\count120
\makeMPintoPDFobject=\count121
\everyMPtoPDFconversion=\toks28
) (/usr/local/texlive/2019/texmf-dist/tex/latex/oberdiek/epstopdf-base.sty
Package: epstopdf-base 2016/05/15 v2.6 Base part for package epstopdf

(/usr/local/texlive/2019/texmf-dist/tex/latex/oberdiek/grfext.sty
Package: grfext 2016/05/16 v1.2 Manage graphics extensions (HO)
)
Package epstopdf-base Info: Redefining graphics rule for `.eps' on input line 4
38.
Package grfext Info: Graphics extension search list:
(grfext)             [.pdf,.png,.jpg,.mps,.jpeg,.jbig2,.jb2,.PDF,.PNG,.JPG,.JPE
G,.JBIG2,.JB2,.eps]
(grfext)             \AppendGraphicsExtensions on input line 456.

(/usr/local/texlive/2019/texmf-dist/tex/latex/latexconfig/epstopdf-sys.cfg
File: epstopdf-sys.cfg 2010/07/13 v1.3 Configuration of (r)epstopdf for TeX Liv
e
))
*geometry* driver: auto-detecting
*geometry* detected driver: pdftex

Package geometry Warning: The marginal notes overrun the paper.
     Add 3.0945pt and more to the right margin.

*geometry* verbose mode - [ preamble ] result:
* driver: pdftex
* paper: a4paper
* layout: <same size as paper>
* layoutoffset:(h,v)=(0.0pt,0.0pt)
* modes: 
* h-part:(L,W,R)=(56.9055pt, 483.69687pt, 56.9055pt)
* v-part:(T,H,B)=(56.9055pt, 731.23584pt, 56.9055pt)
* \paperwidth=597.50787pt
* \paperheight=845.04684pt
* \textwidth=483.69687pt
* \textheight=731.23584pt
* \oddsidemargin=-15.36449pt
* \evensidemargin=-15.36449pt
* \topmargin=-52.36449pt
* \headheight=12.0pt
* \headsep=25.0pt
* \topskip=11.0pt
* \footskip=30.0pt
* \marginparwidth=50.0pt
* \marginparsep=10.0pt
* \columnsep=10.0pt
* \skip\footins=10.0pt plus 4.0pt minus 2.0pt
* \hoffset=0.0pt
* \voffset=0.0pt
* \mag=1000
* \@twocolumnfalse
* \@twosidefalse
* \@mparswitchfalse
* \@reversemarginfalse
* (1in=72.27pt=25.4mm, 1cm=28.453pt)

\c@mv@tabular=\count122
\c@mv@boldtabular=\count123
\AtBeginShipoutBox=\box32
Package backref Info: ** backref set up for natbib ** on input line 114.
Package hyperref Info: Link coloring OFF on input line 114.
(/usr/local/texlive/2019/texmf-dist/tex/latex/hyperref/nameref.sty
Package: nameref 2016/05/21 v2.44 Cross-referencing by name of section

(/usr/local/texlive/2019/texmf-dist/tex/generic/oberdiek/gettitlestring.sty
Package: gettitlestring 2016/05/16 v1.5 Cleanup title references (HO)
)
\c@section@level=\count124
)
LaTeX Info: Redefining \ref on input line 114.
LaTeX Info: Redefining \pageref on input line 114.
LaTeX Info: Redefining \nameref on input line 114.

(./CaseStudy_static.out) (./CaseStudy_static.out)
\@outlinefile=\write4
\openout4 = `CaseStudy_static.out'.

LaTeX Font Info:    Font shape `T1/LinuxLibertineT-TLF/m/n' will be
(Font)              scaled to size 17.28pt on input line 122.
LaTeX Font Info:    Font shape `T1/LinuxLibertineT-TLF/m/n' will be
(Font)              scaled to size 12.0pt on input line 122.
LaTeX Font Info:    Font shape `T1/LinuxLibertineT-TLF/m/n' will be
(Font)              scaled to size 10.0pt on input line 128.
LaTeX Font Info:    Font shape `T1/LinuxLibertineT-TLF/b/n' will be
(Font)              scaled to size 10.0pt on input line 128.
LaTeX Font Info:    Font shape `T1/LinuxLibertineT-TLF/m/n' will be
(Font)              scaled to size 14.4pt on input line 132.
LaTeX Font Info:    Font shape `T1/LinuxLibertineT-TLF/m/it' will be
(Font)              scaled to size 14.4pt on input line 132.
 (./CaseStudy_static.toc
LaTeX Font Info:    Font shape `T1/LinuxLibertineT-TLF/b/n' will be
(Font)              scaled to size 10.95pt on input line 1.
)
\tf@toc=\write5
\openout5 = `CaseStudy_static.toc'.

LaTeX Font Info:    Font shape `T1/LinuxLibertineT-TLF/m/it' will be
(Font)              scaled to size 10.95pt on input line 141.

[1

{/usr/local/texlive/2019/texmf-var/fonts/map/pdftex/updmap/pdftex.map}]
LaTeX Font Info:    Font shape `T1/LinuxLibertineT-TLF/b/it' will be
(Font)              scaled to size 14.4pt on input line 146.
LaTeX Font Info:    Font shape `T1/LinuxLibertineT-TLF/b/it' will be
(Font)              scaled to size 17.28pt on input line 146.


Package xcolor Warning: Incompatible color definition on input line 148.

LaTeX Font Info:    Try loading font information for T1+LinuxLibertineMonoT-TLF
 on input line 149.

(/usr/local/texlive/2019/texmf-dist/tex/latex/libertine/T1LinuxLibertineMonoT-T
LF.fd
File: T1LinuxLibertineMonoT-TLF.fd 2019/05/20 (autoinst) Font definitions for T
1/LinuxLibertineMonoT-TLF.
)
LaTeX Font Info:    Font shape `T1/LinuxLibertineMonoT-TLF/m/n' in size <10> no
t available
(Font)              Font shape `T1/LinuxLibertineMonoT-TLF/regular/n' tried ins
tead on input line 149.
LaTeX Font Info:    Font shape `T1/LinuxLibertineMonoT-TLF/regular/n' will be
(Font)              scaled to size 8.50006pt on input line 149.
LaTeX Font Info:    Font shape `T1/LinuxLibertineMonoT-TLF/bx/n' in size <10> n
ot available
(Font)              Font shape `T1/LinuxLibertineMonoT-TLF/b/n' tried instead o
n input line 150.
LaTeX Font Info:    Font shape `T1/LinuxLibertineMonoT-TLF/b/n' in size <10> no
t available
(Font)              Font shape `T1/LinuxLibertineMonoT-TLF/bold/n' tried instea
d on input line 150.
LaTeX Font Info:    Font shape `T1/LinuxLibertineMonoT-TLF/bold/n' will be
(Font)              scaled to size 8.50006pt on input line 150.
LaTeX Font Info:    Font shape `T1/LinuxLibertineMonoT-TLF/m/n' in size <10.95>
 not available
(Font)              Font shape `T1/LinuxLibertineMonoT-TLF/regular/n' tried ins
tead on input line 156.
LaTeX Font Info:    Font shape `T1/LinuxLibertineMonoT-TLF/regular/n' will be
(Font)              scaled to size 9.30756pt on input line 156.


Package xcolor Warning: Incompatible color definition on input line 158.

LaTeX Font Info:    Font shape `T1/LinuxLibertineMonoT-TLF/m/it' in size <10> n
ot available
(Font)              Font shape `T1/LinuxLibertineMonoT-TLF/regular/it' tried in
stead on input line 160.
LaTeX Font Info:    Font shape `T1/LinuxLibertineMonoT-TLF/regular/it' in size 
<10> not available
(Font)              Font shape `T1/LinuxLibertineMonoT-TLF/regular/sl' tried in
stead on input line 160.
LaTeX Font Info:    Font shape `T1/LinuxLibertineMonoT-TLF/regular/sl' will be
(Font)              scaled to size 8.50006pt on input line 160.

Overfull \hbox (0.46606pt too wide) in paragraph at lines 160--160
[][]\T1/LinuxLibertineMonoT-TLF/regular/sl/10 # Produce tapnet objects using ea
ch network separately (1=Forest, 2=shrub, 3=cattle farm)[][] 
 []


Package xcolor Warning: Incompatible color definition on input line 179.


Package xcolor Warning: Incompatible color definition on input line 209.


Package xcolor Warning: Incompatible color definition on input line 224.

[2

]

Package xcolor Warning: Incompatible color definition on input line 267.

[3]

Package xcolor Warning: Incompatible color definition on input line 299.

[4]

Package xcolor Warning: Incompatible color definition on input line 387.


Overfull \hbox (17.0437pt too wide) in paragraph at lines 393--393
[]                            []\T1/LinuxLibertineMonoT-TLF/regular/n/10 ncol[]
 []=[] []\T1/LinuxLibertineMonoT-TLF/bold/n/10 ncol[][]\T1/LinuxLibertineMonoT-
TLF/regular/n/10 (tapnet_web1[][]$[][]networks[[[][]1[][]]][][]$[][]pems[][]$[]
[]low),[] []byrow[] []=[] []TRUE[][])[] []*[][] 
 []


Overfull \hbox (33.3638pt too wide) in paragraph at lines 406--406
[]                              []\T1/LinuxLibertineMonoT-TLF/regular/n/10 ncol
[] []=[] []\T1/LinuxLibertineMonoT-TLF/bold/n/10 ncol[][]\T1/LinuxLibertineMono
T-TLF/regular/n/10 (tapnet_web1[][]$[][]networks[[[][]1[][]]][][]$[][]pems[][]$
[][]high),[] []byrow[] []=[] []TRUE[][])[] []*[][] 
 []

[5]

Package xcolor Warning: Incompatible color definition on input line 420.


Package xcolor Warning: Incompatible color definition on input line 443.


Package xcolor Warning: Incompatible color definition on input line 455.


Overfull \hbox (5.9061pt too wide) in paragraph at lines 465--465
[]  []\T1/LinuxLibertineMonoT-TLF/regular/n/10 xlab[][]=[][]"predicted number o
f interactions + 1"[][],[] []ylab[][]=[][]"observed number of interactions + 1"
[][])[][] 
 []

<figure/predict_tapnet_web2_plot-1.pdf, id=119, 433.62pt x 433.62pt>
File: figure/predict_tapnet_web2_plot-1.pdf Graphic file (type pdf)
<use figure/predict_tapnet_web2_plot-1.pdf>
Package pdftex.def Info: figure/predict_tapnet_web2_plot-1.pdf  used on input l
ine 470.
(pdftex.def)             Requested size: 241.84843pt x 241.85292pt.
[6]

Package xcolor Warning: Incompatible color definition on input line 479.


Package xcolor Warning: Incompatible color definition on input line 494.


Overfull \hbox (6.00809pt too wide) in paragraph at lines 497--497
[][]\T1/LinuxLibertineMonoT-TLF/regular/n/10 tap[] []<-[] []\T1/LinuxLibertineM
onoT-TLF/bold/n/10 make_tapnet[][]\T1/LinuxLibertineMonoT-TLF/regular/n/10 ([][
]tree_low[] []= plant_tree,[] []tree_high[] []= humm_tree,[] []networks[] []= n
etworks[[][]2[][]:[][]3[][]],[][] 
 []

[7 <./figure/predict_tapnet_web2_plot-1.pdf>]

Package xcolor Warning: Incompatible color definition on input line 538.


Package xcolor Warning: Incompatible color definition on input line 545.


Package xcolor Warning: Incompatible color definition on input line 558.


Overfull \hbox (6.85936pt too wide) in paragraph at lines 561--561
[]    []\T1/LinuxLibertineMonoT-TLF/bold/n/10 sum[][]\T1/LinuxLibertineMonoT-TL
F/regular/n/10 (tapnet_web2[][]$[][]networks[[[][]1[][]]][][]$[][]abuns[][]$[][
]low))[] []%*%[] []\T1/LinuxLibertineMonoT-TLF/bold/n/10 t[][]\T1/LinuxLibertin
eMonoT-TLF/regular/n/10 (tapnet_web2[][]$[][]networks[[[][]1[][]]][][]$[][]abun
s[][]$[][]high[] []/[][] 
 []


Package xcolor Warning: Incompatible color definition on input line 571.


Overfull \hbox (5.9061pt too wide) in paragraph at lines 575--575
[]  []\T1/LinuxLibertineMonoT-TLF/regular/n/10 xlab[][]=[][]"predicted number o
f interactions + 1"[][],[] []ylab[][]=[][]"observed number of interactions + 1"
[][])[][] 
 []

<figure/abunonly_plot-1.pdf, id=134, 433.62pt x 433.62pt>
File: figure/abunonly_plot-1.pdf Graphic file (type pdf)
<use figure/abunonly_plot-1.pdf>
Package pdftex.def Info: figure/abunonly_plot-1.pdf  used on input line 580.
(pdftex.def)             Requested size: 241.84843pt x 241.85292pt.

Package xcolor Warning: Incompatible color definition on input line 589.

[8 <./figure/abunonly_plot-1.pdf>]

Package xcolor Warning: Incompatible color definition on input line 606.


Package xcolor Warning: Incompatible color definition on input line 646.


Overfull \hbox (6.2172pt too wide) in paragraph at lines 648--648
[][]\T1/LinuxLibertineMonoT-TLF/regular/n/10 web1.df.extended[] []<-[] []\T1/Li
nuxLibertineMonoT-TLF/bold/n/10 cbind.data.frame[][]\T1/LinuxLibertineMonoT-TLF
/regular/n/10 (web1.df,[] []"match"[][]=(web1.df[][]$[][]traitHBill_length_mean
_mm[] []-[][] 
 []


Overfull \hbox (6.2172pt too wide) in paragraph at lines 650--650
[][]\T1/LinuxLibertineMonoT-TLF/regular/n/10 web2.df.extended[] []<-[] []\T1/Li
nuxLibertineMonoT-TLF/bold/n/10 cbind.data.frame[][]\T1/LinuxLibertineMonoT-TLF
/regular/n/10 (web2.df,[] []"match"[][]=(web2.df[][]$[][]traitHBill_length_mean
_mm[] []-[][] 
 []


Package xcolor Warning: Incompatible color definition on input line 657.

[9]
Overfull \hbox (12.43452pt too wide) in paragraph at lines 660--660
[][]\T1/LinuxLibertineMonoT-TLF/regular/n/10 gam2[] []<-[] []\T1/LinuxLibertine
MonoT-TLF/bold/n/10 gam[][]\T1/LinuxLibertineMonoT-TLF/regular/n/10 (interactio
ns[] []~[] []\T1/LinuxLibertineMonoT-TLF/bold/n/10 s[][]\T1/LinuxLibertineMonoT
-TLF/regular/n/10 (pemLV_1, pemHV_1,[] []bs[][]=[][]"ts"[][],[] []k[][]=[][]24[
][])[] []+[][]\T1/LinuxLibertineMonoT-TLF/bold/n/10 s[][]\T1/LinuxLibertineMono
T-TLF/regular/n/10 (pemLV_2, pemHV_3,[] []bs[][]=[][]"ts"[][],[][] 
 []


Overfull \hbox (11.70181pt too wide) in paragraph at lines 662--662
[]           []\T1/LinuxLibertineMonoT-TLF/bold/n/10 s[][]\T1/LinuxLibertineMon
oT-TLF/regular/n/10 (match,[] []k[][]=[][]3[][])[] []+[] []\T1/LinuxLibertineMo
noT-TLF/bold/n/10 s[][]\T1/LinuxLibertineMonoT-TLF/regular/n/10 (abunL,[] []k[]
[]=[][]3[][])[] []+[] []\T1/LinuxLibertineMonoT-TLF/bold/n/10 s[][]\T1/LinuxLib
ertineMonoT-TLF/regular/n/10 (abunH,[] []k[][]=[][]3[][]),[] []data[][]=web1.df
.extended,[] []family[][]=nb,[][] 
 []

LaTeX Font Info:    Try loading font information for TS1+LinuxLibertineMonoT-TL
F on input line 697.

(/usr/local/texlive/2019/texmf-dist/tex/latex/libertine/TS1LinuxLibertineMonoT-
TLF.fd
File: TS1LinuxLibertineMonoT-TLF.fd 2019/05/20 (autoinst) Font definitions for 
TS1/LinuxLibertineMonoT-TLF.
)
LaTeX Font Info:    Font shape `TS1/LinuxLibertineMonoT-TLF/m/n' in size <10> n
ot available
(Font)              Font shape `TS1/LinuxLibertineMonoT-TLF/regular/n' tried in
stead on input line 697.
LaTeX Font Info:    Font shape `TS1/LinuxLibertineMonoT-TLF/regular/n' will be
(Font)              scaled to size 8.50006pt on input line 697.


Package xcolor Warning: Incompatible color definition on input line 711.

<figure/predict_2_gam_plot-1.pdf, id=148, 433.62pt x 433.62pt>
File: figure/predict_2_gam_plot-1.pdf Graphic file (type pdf)
<use figure/predict_2_gam_plot-1.pdf>
Package pdftex.def Info: figure/predict_2_gam_plot-1.pdf  used on input line 72
0.
(pdftex.def)             Requested size: 241.84843pt x 241.85292pt.
[10]

Package xcolor Warning: Incompatible color definition on input line 731.


Package xcolor Warning: Incompatible color definition on input line 747.


Overfull \hbox (1.39723pt too wide) in paragraph at lines 750--750
[][]\T1/LinuxLibertineMonoT-TLF/regular/n/10 rf2[] []<-[] []\T1/LinuxLibertineM
onoT-TLF/bold/n/10 ranger[][]\T1/LinuxLibertineMonoT-TLF/regular/n/10 (interact
ions[] []~[] [].,[] []data[][]=web1.df.extended[,[] []-[][]\T1/LinuxLibertineMo
noT-TLF/bold/n/10 c[][]\T1/LinuxLibertineMonoT-TLF/regular/n/10 ([][]1[][],[] [
]2[][])],[] []importance[][]=[][]"impurity"[][])[][] 
 []


Overfull \hbox (33.10626pt too wide) in paragraph at lines 769--769
[]\T1/LinuxLibertineMonoT-TLF/regular/n/10 ##  ranger(interactions ~ ., data = 
web1.df.extended[, -c(1, 2)],      importance = "impurity")[] 
 []

[11 <./figure/predict_2_gam_plot-1.pdf>]

Package xcolor Warning: Incompatible color definition on input line 789.


Overfull \hbox (0.56805pt too wide) in paragraph at lines 799--800
[][]\T1/LinuxLibertineMonoT-TLF/bold/n/10 plot[][]\T1/LinuxLibertineMonoT-TLF/r
egular/n/10 (preds2.ranger[] []+[][]1[] [], web2.df[][]$[][]interactions[] []+[
] []1[][],[] []log[][]=[][]"xy"[][],[] []las[][]=[][]1[][],[] []xlab[][]=[][]"p
redicted number[] 
 []

<figure/plot_ranger_predictions_web2-1.pdf, id=164, 433.62pt x 433.62pt>
File: figure/plot_ranger_predictions_web2-1.pdf Graphic file (type pdf)
<use figure/plot_ranger_predictions_web2-1.pdf>
Package pdftex.def Info: figure/plot_ranger_predictions_web2-1.pdf  used on inp
ut line 805.
(pdftex.def)             Requested size: 241.84843pt x 241.85292pt.

Package xcolor Warning: Incompatible color definition on input line 815.


Overfull \hbox (8.17474pt too wide) in paragraph at lines 817--817
[][]\T1/LinuxLibertineMonoT-TLF/bold/n/10 dmultinom[][]\T1/LinuxLibertineMonoT-
TLF/regular/n/10 ([][]\T1/LinuxLibertineMonoT-TLF/bold/n/10 as.vector[][]\T1/Li
nuxLibertineMonoT-TLF/regular/n/10 (tapnet_web2[][]$[][]networks[[[][]1[][]]][]
[]$[][]web),[] []prob[][]=preds2.ranger[][]/[][]\T1/LinuxLibertineMonoT-TLF/bol
d/n/10 sum[][]\T1/LinuxLibertineMonoT-TLF/regular/n/10 (preds2.ranger),[][] 
 []

LaTeX Font Info:    Font shape `T1/LinuxLibertineT-TLF/m/it' will be
(Font)              scaled to size 12.0pt on input line 833.
LaTeX Font Info:    Font shape `T1/LinuxLibertineT-TLF/b/it' will be
(Font)              scaled to size 12.0pt on input line 833.

Package xcolor Warning: Incompatible color definition on input line 835.


Overfull \hbox (6.00809pt too wide) in paragraph at lines 837--837
[][]\T1/LinuxLibertineMonoT-TLF/regular/n/10 tapnet_web1[] []<-[] []\T1/LinuxLi
bertineMonoT-TLF/bold/n/10 make_tapnet[][]\T1/LinuxLibertineMonoT-TLF/regular/n
/10 ([][]tree_low[][]=plant_tree,[] []tree_high[][]=humm_tree,[] []networks[][]
=networks[[][]1[][]],[][] 
 []


Overfull \hbox (6.00809pt too wide) in paragraph at lines 840--840
[][]\T1/LinuxLibertineMonoT-TLF/regular/n/10 tapnet_web2[] []<-[] []\T1/LinuxLi
bertineMonoT-TLF/bold/n/10 make_tapnet[][]\T1/LinuxLibertineMonoT-TLF/regular/n
/10 ([][]tree_low[][]=plant_tree,[] []tree_high[][]=humm_tree,[] []networks[][]
=networks[[][]2[][]],[][] 
 []


Overfull \hbox (6.00809pt too wide) in paragraph at lines 843--843
[][]\T1/LinuxLibertineMonoT-TLF/regular/n/10 tapnet_web3[] []<-[] []\T1/LinuxLi
bertineMonoT-TLF/bold/n/10 make_tapnet[][]\T1/LinuxLibertineMonoT-TLF/regular/n
/10 ([][]tree_low[][]=plant_tree,[] []tree_high[][]=humm_tree,[] []networks[][]
=networks[[][]3[][]],[][] 
 []

[12 <./figure/plot_ranger_predictions_web2-1.pdf>]

Package xcolor Warning: Incompatible color definition on input line 850.


Package xcolor Warning: Incompatible color definition on input line 859.


Package xcolor Warning: Incompatible color definition on input line 870.


Package xcolor Warning: Incompatible color definition on input line 883.


Package xcolor Warning: Incompatible color definition on input line 901.


Package xcolor Warning: Incompatible color definition on input line 926.

[13]
Overfull \hbox (28.61949pt too wide) in paragraph at lines 929--929
[]        []\T1/LinuxLibertineMonoT-TLF/bold/n/10 sum[][]\T1/LinuxLibertineMono
T-TLF/regular/n/10 (tapnet_web1[][]$[][]networks[[[][]1[][]]][][]$[][]abuns[][]
$[][]low))[] []%*%[] []\T1/LinuxLibertineMonoT-TLF/bold/n/10 t[][]\T1/LinuxLibe
rtineMonoT-TLF/regular/n/10 (tapnet_web1[][]$[][]networks[[[][]1[][]]][][]$[][]
abuns[][]$[][]high[] []/[][] 
 []


Overfull \hbox (17.73943pt too wide) in paragraph at lines 932--932
[]      []\T1/LinuxLibertineMonoT-TLF/bold/n/10 sum[][]\T1/LinuxLibertineMonoT-
TLF/regular/n/10 (tapnet_web2[][]$[][]networks[[[][]1[][]]][][]$[][]abuns[][]$[
][]low))[] []%*%[] []\T1/LinuxLibertineMonoT-TLF/bold/n/10 t[][]\T1/LinuxLibert
ineMonoT-TLF/regular/n/10 (tapnet_web2[][]$[][]networks[[[][]1[][]]][][]$[][]ab
uns[][]$[][]high[] []/[][] 
 []


Overfull \hbox (17.73943pt too wide) in paragraph at lines 935--935
[]      []\T1/LinuxLibertineMonoT-TLF/bold/n/10 sum[][]\T1/LinuxLibertineMonoT-
TLF/regular/n/10 (tapnet_web3[][]$[][]networks[[[][]1[][]]][][]$[][]abuns[][]$[
][]low))[] []%*%[] []\T1/LinuxLibertineMonoT-TLF/bold/n/10 t[][]\T1/LinuxLibert
ineMonoT-TLF/regular/n/10 (tapnet_web3[][]$[][]networks[[[][]1[][]]][][]$[][]ab
uns[][]$[][]high[] []/[][] 
 []


Package xcolor Warning: Incompatible color definition on input line 941.


Package xcolor Warning: Incompatible color definition on input line 959.


Package xcolor Warning: Incompatible color definition on input line 987.


Overfull \hbox (6.2172pt too wide) in paragraph at lines 990--990
[][]\T1/LinuxLibertineMonoT-TLF/regular/n/10 web3.df.extended[] []<-[] []\T1/Li
nuxLibertineMonoT-TLF/bold/n/10 cbind.data.frame[][]\T1/LinuxLibertineMonoT-TLF
/regular/n/10 (web3.df,[] []"match"[][]=(web3.df[][]$[][]traitHBill_length_mean
_mm[] []-[][] 
 []


Package xcolor Warning: Incompatible color definition on input line 997.

[14]

Package xcolor Warning: Incompatible color definition on input line 1015.


Package xcolor Warning: Incompatible color definition on input line 1027.


Package xcolor Warning: Incompatible color definition on input line 1041.


Package xcolor Warning: Incompatible color definition on input line 1061.


Package xcolor Warning: Incompatible color definition on input line 1082.


Overfull \hbox (6.00809pt too wide) in paragraph at lines 1084--1084
[][]\T1/LinuxLibertineMonoT-TLF/regular/n/10 tapnet_web1[] []<-[] []\T1/LinuxLi
bertineMonoT-TLF/bold/n/10 make_tapnet[][]\T1/LinuxLibertineMonoT-TLF/regular/n
/10 ([][]tree_low[][]=plant_tree,[] []tree_high[][]=humm_tree,[] []networks[][]
=networks[[][]1[][]],[][] 
 []


Overfull \hbox (6.00809pt too wide) in paragraph at lines 1087--1087
[][]\T1/LinuxLibertineMonoT-TLF/regular/n/10 tapnet_web2[] []<-[] []\T1/LinuxLi
bertineMonoT-TLF/bold/n/10 make_tapnet[][]\T1/LinuxLibertineMonoT-TLF/regular/n
/10 ([][]tree_low[][]=plant_tree,[] []tree_high[][]=humm_tree,[] []networks[][]
=networks[[][]2[][]],[][] 
 []


Overfull \hbox (6.00809pt too wide) in paragraph at lines 1090--1090
[][]\T1/LinuxLibertineMonoT-TLF/regular/n/10 tapnet_web3[] []<-[] []\T1/LinuxLi
bertineMonoT-TLF/bold/n/10 make_tapnet[][]\T1/LinuxLibertineMonoT-TLF/regular/n
/10 ([][]tree_low[][]=plant_tree,[] []tree_high[][]=humm_tree,[] []networks[][]
=networks[[][]3[][]],[][] 
 []

[15]

Package xcolor Warning: Incompatible color definition on input line 1097.


Overfull \hbox (6.2172pt too wide) in paragraph at lines 1100--1100
[][]\T1/LinuxLibertineMonoT-TLF/regular/n/10 web1.df.extended[] []<-[] []\T1/Li
nuxLibertineMonoT-TLF/bold/n/10 cbind.data.frame[][]\T1/LinuxLibertineMonoT-TLF
/regular/n/10 (web1.df,[] []"match"[][]=(web1.df[][]$[][]traitHBill_length_mean
_mm[] []-[][] 
 []


Overfull \hbox (6.2172pt too wide) in paragraph at lines 1103--1103
[][]\T1/LinuxLibertineMonoT-TLF/regular/n/10 web2.df.extended[] []<-[] []\T1/Li
nuxLibertineMonoT-TLF/bold/n/10 cbind.data.frame[][]\T1/LinuxLibertineMonoT-TLF
/regular/n/10 (web2.df,[] []"match"[][]=(web2.df[][]$[][]traitHBill_length_mean
_mm[] []-[][] 
 []


Overfull \hbox (6.2172pt too wide) in paragraph at lines 1106--1106
[][]\T1/LinuxLibertineMonoT-TLF/regular/n/10 web3.df.extended[] []<-[] []\T1/Li
nuxLibertineMonoT-TLF/bold/n/10 cbind.data.frame[][]\T1/LinuxLibertineMonoT-TLF
/regular/n/10 (web3.df,[] []"match"[][]=(web3.df[][]$[][]traitHBill_length_mean
_mm[] []-[][] 
 []


Package xcolor Warning: Incompatible color definition on input line 1113.


Overfull \hbox (1.39723pt too wide) in paragraph at lines 1115--1115
[][]\T1/LinuxLibertineMonoT-TLF/regular/n/10 rf1[] []<-[] []\T1/LinuxLibertineM
onoT-TLF/bold/n/10 ranger[][]\T1/LinuxLibertineMonoT-TLF/regular/n/10 (interact
ions[] []~[] [].,[] []data[][]=web1.df.extended[,[] []-[][]\T1/LinuxLibertineMo
noT-TLF/bold/n/10 c[][]\T1/LinuxLibertineMonoT-TLF/regular/n/10 ([][]1[][],[] [
]2[][])],[] []importance[][]=[][]"impurity"[][])[][] 
 []


Overfull \hbox (1.39723pt too wide) in paragraph at lines 1116--1116
[][]\T1/LinuxLibertineMonoT-TLF/regular/n/10 rf2[] []<-[] []\T1/LinuxLibertineM
onoT-TLF/bold/n/10 ranger[][]\T1/LinuxLibertineMonoT-TLF/regular/n/10 (interact
ions[] []~[] [].,[] []data[][]=web2.df.extended[,[] []-[][]\T1/LinuxLibertineMo
noT-TLF/bold/n/10 c[][]\T1/LinuxLibertineMonoT-TLF/regular/n/10 ([][]1[][],[] [
]2[][])],[] []importance[][]=[][]"impurity"[][])[][] 
 []


Overfull \hbox (1.39723pt too wide) in paragraph at lines 1117--1117
[][]\T1/LinuxLibertineMonoT-TLF/regular/n/10 rf3[] []<-[] []\T1/LinuxLibertineM
onoT-TLF/bold/n/10 ranger[][]\T1/LinuxLibertineMonoT-TLF/regular/n/10 (interact
ions[] []~[] [].,[] []data[][]=web3.df.extended[,[] []-[][]\T1/LinuxLibertineMo
noT-TLF/bold/n/10 c[][]\T1/LinuxLibertineMonoT-TLF/regular/n/10 ([][]1[][],[] [
]2[][])],[] []importance[][]=[][]"impurity"[][])[][] 
 []


Package xcolor Warning: Incompatible color definition on input line 1122.


Package xcolor Warning: Incompatible color definition on input line 1147.


Package xcolor Warning: Incompatible color definition on input line 1159.


Package xcolor Warning: Incompatible color definition on input line 1173.


Overfull \hbox (29.93488pt too wide) in paragraph at lines 1176--1176
[]  []\T1/LinuxLibertineMonoT-TLF/bold/n/10 dmultinom[][]\T1/LinuxLibertineMono
T-TLF/regular/n/10 ([][]\T1/LinuxLibertineMonoT-TLF/bold/n/10 as.vector[][]\T1/
LinuxLibertineMonoT-TLF/regular/n/10 (tapnet_web2[][]$[][]networks[[[][]1[][]]]
[][]$[][]web),[] []prob[][]=preds2.ranger1[][]/[][]\T1/LinuxLibertineMonoT-TLF/
bold/n/10 sum[][]\T1/LinuxLibertineMonoT-TLF/regular/n/10 (preds2.ranger1),[][]
 
 []


Overfull \hbox (29.93488pt too wide) in paragraph at lines 1178--1178
[]  []\T1/LinuxLibertineMonoT-TLF/bold/n/10 dmultinom[][]\T1/LinuxLibertineMono
T-TLF/regular/n/10 ([][]\T1/LinuxLibertineMonoT-TLF/bold/n/10 as.vector[][]\T1/
LinuxLibertineMonoT-TLF/regular/n/10 (tapnet_web3[][]$[][]networks[[[][]1[][]]]
[][]$[][]web),[] []prob[][]=preds3.ranger1[][]/[][]\T1/LinuxLibertineMonoT-TLF/
bold/n/10 sum[][]\T1/LinuxLibertineMonoT-TLF/regular/n/10 (preds3.ranger1),[][]
 
 []


Overfull \hbox (29.93488pt too wide) in paragraph at lines 1180--1180
[]  []\T1/LinuxLibertineMonoT-TLF/bold/n/10 dmultinom[][]\T1/LinuxLibertineMono
T-TLF/regular/n/10 ([][]\T1/LinuxLibertineMonoT-TLF/bold/n/10 as.vector[][]\T1/
LinuxLibertineMonoT-TLF/regular/n/10 (tapnet_web1[][]$[][]networks[[[][]1[][]]]
[][]$[][]web),[] []prob[][]=preds1.ranger2[][]/[][]\T1/LinuxLibertineMonoT-TLF/
bold/n/10 sum[][]\T1/LinuxLibertineMonoT-TLF/regular/n/10 (preds1.ranger2),[][]
 
 []


Overfull \hbox (29.93488pt too wide) in paragraph at lines 1182--1182
[]  []\T1/LinuxLibertineMonoT-TLF/bold/n/10 dmultinom[][]\T1/LinuxLibertineMono
T-TLF/regular/n/10 ([][]\T1/LinuxLibertineMonoT-TLF/bold/n/10 as.vector[][]\T1/
LinuxLibertineMonoT-TLF/regular/n/10 (tapnet_web3[][]$[][]networks[[[][]1[][]]]
[][]$[][]web),[] []prob[][]=preds3.ranger2[][]/[][]\T1/LinuxLibertineMonoT-TLF/
bold/n/10 sum[][]\T1/LinuxLibertineMonoT-TLF/regular/n/10 (preds3.ranger2),[][]
 
 []


Overfull \hbox (29.93488pt too wide) in paragraph at lines 1184--1184
[]  []\T1/LinuxLibertineMonoT-TLF/bold/n/10 dmultinom[][]\T1/LinuxLibertineMono
T-TLF/regular/n/10 ([][]\T1/LinuxLibertineMonoT-TLF/bold/n/10 as.vector[][]\T1/
LinuxLibertineMonoT-TLF/regular/n/10 (tapnet_web1[][]$[][]networks[[[][]1[][]]]
[][]$[][]web),[] []prob[][]=preds1.ranger3[][]/[][]\T1/LinuxLibertineMonoT-TLF/
bold/n/10 sum[][]\T1/LinuxLibertineMonoT-TLF/regular/n/10 (preds1.ranger3),[][]
 
 []


Overfull \hbox (29.93488pt too wide) in paragraph at lines 1186--1186
[]  []\T1/LinuxLibertineMonoT-TLF/bold/n/10 dmultinom[][]\T1/LinuxLibertineMono
T-TLF/regular/n/10 ([][]\T1/LinuxLibertineMonoT-TLF/bold/n/10 as.vector[][]\T1/
LinuxLibertineMonoT-TLF/regular/n/10 (tapnet_web2[][]$[][]networks[[[][]1[][]]]
[][]$[][]web),[] []prob[][]=preds2.ranger3[][]/[][]\T1/LinuxLibertineMonoT-TLF/
bold/n/10 sum[][]\T1/LinuxLibertineMonoT-TLF/regular/n/10 (preds2.ranger3),[][]
 
 []

[16]

Package xcolor Warning: Incompatible color definition on input line 1193.


Package xcolor Warning: Incompatible color definition on input line 1213.


Package xcolor Warning: Incompatible color definition on input line 1232.

[17]

Package xcolor Warning: Incompatible color definition on input line 1255.

[18]

Package xcolor Warning: Incompatible color definition on input line 1304.


Overfull \hbox (0.46606pt too wide) in paragraph at lines 1307--1307
[]              []\T1/LinuxLibertineMonoT-TLF/regular/n/10 networks[[][]1[][]],
[] []traits_low[][]=plant_traits,[] []traits_high[][]=humm_traits,[] []npems_la
t[][]=[][]4[][])[][] 
 []


Package xcolor Warning: Incompatible color definition on input line 1311.


Overfull \hbox (33.10626pt too wide) in paragraph at lines 1311--1312
[]\T1/LinuxLibertineMonoT-TLF/regular/n/10 ## Warning in make_tapnet(tree_low =
 plant_tree, tree_high = humm_tree, networks = networks[1],
 []


Package xcolor Warning: Incompatible color definition on input line 1313.


Overfull \hbox (33.10626pt too wide) in paragraph at lines 1313--1313
[]\T1/LinuxLibertineMonoT-TLF/regular/n/10 ## Warning in make_tapnet(tree_low =
 plant_tree, tree_high = humm_tree, networks = networks[1],
 []


Overfull \hbox (0.46606pt too wide) in paragraph at lines 1315--1315
[]              []\T1/LinuxLibertineMonoT-TLF/regular/n/10 networks[[][]2[][]],
[] []traits_low[][]=plant_traits,[] []traits_high[][]=humm_traits,[] []npems_la
t[][]=[][]4[][])[][] 
 []


Package xcolor Warning: Incompatible color definition on input line 1319.


Overfull \hbox (33.10626pt too wide) in paragraph at lines 1319--1320
[]\T1/LinuxLibertineMonoT-TLF/regular/n/10 ## Warning in make_tapnet(tree_low =
 plant_tree, tree_high = humm_tree, networks = networks[2],
 []


Package xcolor Warning: Incompatible color definition on input line 1321.


Overfull \hbox (33.10626pt too wide) in paragraph at lines 1321--1321
[]\T1/LinuxLibertineMonoT-TLF/regular/n/10 ## Warning in make_tapnet(tree_low =
 plant_tree, tree_high = humm_tree, networks = networks[2],
 []


Overfull \hbox (0.46606pt too wide) in paragraph at lines 1323--1323
[]              []\T1/LinuxLibertineMonoT-TLF/regular/n/10 networks[[][]3[][]],
[] []traits_low[][]=plant_traits,[] []traits_high[][]=humm_traits,[] []npems_la
t[][]=[][]4[][])[][] 
 []


Package xcolor Warning: Incompatible color definition on input line 1327.


Overfull \hbox (33.10626pt too wide) in paragraph at lines 1327--1328
[]\T1/LinuxLibertineMonoT-TLF/regular/n/10 ## Warning in make_tapnet(tree_low =
 plant_tree, tree_high = humm_tree, networks = networks[3],
 []


Package xcolor Warning: Incompatible color definition on input line 1329.


Overfull \hbox (33.10626pt too wide) in paragraph at lines 1329--1329
[]\T1/LinuxLibertineMonoT-TLF/regular/n/10 ## Warning in make_tapnet(tree_low =
 plant_tree, tree_high = humm_tree, networks = networks[3],
 []


Package xcolor Warning: Incompatible color definition on input line 1332.


Package xcolor Warning: Incompatible color definition on input line 1341.


Overfull \hbox (11.44812pt too wide) in paragraph at lines 1343--1343
[][]\T1/LinuxLibertineMonoT-TLF/regular/n/10 preds2.tapnet1.w[] []<-[] []\T1/Li
nuxLibertineMonoT-TLF/bold/n/10 predict_tapnet[][]\T1/LinuxLibertineMonoT-TLF/r
egular/n/10 ([][]fit[][]=fit_web1.w,[] []abuns[][]=tapnet_web2.w[][]$[][]networ
ks[[[][]1[][]]][][]$[][]abuns)[][] 
 []


Overfull \hbox (11.44812pt too wide) in paragraph at lines 1344--1344
[][]\T1/LinuxLibertineMonoT-TLF/regular/n/10 preds3.tapnet1.w[] []<-[] []\T1/Li
nuxLibertineMonoT-TLF/bold/n/10 predict_tapnet[][]\T1/LinuxLibertineMonoT-TLF/r
egular/n/10 ([][]fit[][]=fit_web1.w,[] []abuns[][]=tapnet_web3.w[][]$[][]networ
ks[[[][]1[][]]][][]$[][]abuns)[][] 
 []


Overfull \hbox (11.44812pt too wide) in paragraph at lines 1345--1345
[][]\T1/LinuxLibertineMonoT-TLF/regular/n/10 preds1.tapnet2.w[] []<-[] []\T1/Li
nuxLibertineMonoT-TLF/bold/n/10 predict_tapnet[][]\T1/LinuxLibertineMonoT-TLF/r
egular/n/10 ([][]fit[][]=fit_web2.w,[] []abuns[][]=tapnet_web1.w[][]$[][]networ
ks[[[][]1[][]]][][]$[][]abuns)[][] 
 []


Overfull \hbox (11.44812pt too wide) in paragraph at lines 1346--1346
[][]\T1/LinuxLibertineMonoT-TLF/regular/n/10 preds3.tapnet2.w[] []<-[] []\T1/Li
nuxLibertineMonoT-TLF/bold/n/10 predict_tapnet[][]\T1/LinuxLibertineMonoT-TLF/r
egular/n/10 ([][]fit[][]=fit_web2.w,[] []abuns[][]=tapnet_web3.w[][]$[][]networ
ks[[[][]1[][]]][][]$[][]abuns)[][] 
 []


Overfull \hbox (11.44812pt too wide) in paragraph at lines 1347--1347
[][]\T1/LinuxLibertineMonoT-TLF/regular/n/10 preds1.tapnet3.w[] []<-[] []\T1/Li
nuxLibertineMonoT-TLF/bold/n/10 predict_tapnet[][]\T1/LinuxLibertineMonoT-TLF/r
egular/n/10 ([][]fit[][]=fit_web3.w,[] []abuns[][]=tapnet_web1.w[][]$[][]networ
ks[[[][]1[][]]][][]$[][]abuns)[][] 
 []


Overfull \hbox (11.44812pt too wide) in paragraph at lines 1348--1348
[][]\T1/LinuxLibertineMonoT-TLF/regular/n/10 preds2.tapnet3.w[] []<-[] []\T1/Li
nuxLibertineMonoT-TLF/bold/n/10 predict_tapnet[][]\T1/LinuxLibertineMonoT-TLF/r
egular/n/10 ([][]fit[][]=fit_web3.w,[] []abuns[][]=tapnet_web2.w[][]$[][]networ
ks[[[][]1[][]]][][]$[][]abuns)[][] 
 []


Package xcolor Warning: Incompatible color definition on input line 1353.

Package atveryend Info: Empty hook `BeforeClearDocument' on input line 1380.
[19]
Package atveryend Info: Empty hook `AfterLastShipout' on input line 1380.
 (./CaseStudy_static.aux)
Package atveryend Info: Executing hook `AtVeryEndDocument' on input line 1380.
Package atveryend Info: Executing hook `AtEndAfterFileList' on input line 1380.

Package rerunfilecheck Info: File `CaseStudy_static.out' has not changed.
(rerunfilecheck)             Checksum: 841AA29BEE078122FC3DA834A89056AD;4164.
Package atveryend Info: Empty hook `AtVeryVeryEnd' on input line 1380.
 ) 
Here is how much of TeX's memory you used:
 12697 strings out of 492609
 186803 string characters out of 6129048
 292646 words of memory out of 5000000
 16397 multiletter control sequences out of 15000+600000
 80739 words of font info for 65 fonts, out of 8000000 for 9000
 1141 hyphenation exceptions out of 8191
 34i,6n,37p,826b,442s stack positions out of 5000i,500n,10000p,200000b,80000s
{/usr/local/texlive/2019/texmf-dist/fonts/enc/dvips/libertine/lbtn_mlkyly.enc
}{/usr/local/texlive/2019/texmf-dist/fonts/enc/dvips/libertine/lbtn_dhi6qf.enc}
{/usr/local/texlive/2019/texmf-dist/fonts/enc/dvips/libertine/lbtn_ki75ao.enc}{
/usr/local/texlive/2019/texmf-dist/fonts/enc/dvips/libertine/lbtn_7grukw.enc}{/
usr/local/texlive/2019/texmf-dist/fonts/enc/dvips/libertine/lbtn_nh77jq.enc}{/u
sr/local/texlive/2019/texmf-dist/fonts/enc/dvips/libertine/lbtn_76gpa5.enc}</us
r/local/texlive/2019/texmf-dist/fonts/type1/public/libertine/LinLibertineMT.pfb
></usr/local/texlive/2019/texmf-dist/fonts/type1/public/libertine/LinLibertineM
TB.pfb></usr/local/texlive/2019/texmf-dist/fonts/type1/public/libertine/LinLibe
rtineMTO.pfb></usr/local/texlive/2019/texmf-dist/fonts/type1/public/libertine/L
inLibertineT.pfb></usr/local/texlive/2019/texmf-dist/fonts/type1/public/liberti
ne/LinLibertineTB.pfb></usr/local/texlive/2019/texmf-dist/fonts/type1/public/li
bertine/LinLibertineTBI.pfb></usr/local/texlive/2019/texmf-dist/fonts/type1/pub
lic/libertine/LinLibertineTI.pfb></usr/local/texlive/2019/texmf-dist/fonts/type
1/public/amsfonts/cm/cmmi10.pfb></usr/local/texlive/2019/texmf-dist/fonts/type1
/public/amsfonts/cm/cmr10.pfb></usr/local/texlive/2019/texmf-dist/fonts/type1/p
ublic/amsfonts/cm/cmsy10.pfb>
Output written on CaseStudy_static.pdf (19 pages, 495581 bytes).
PDF statistics:
 258 PDF objects out of 1000 (max. 8388607)
 216 compressed objects within 3 object streams
 40 named destinations out of 1000 (max. 500000)
 149 words of extra memory for PDF output out of 10000 (max. 10000000)

